C:\USERS\DOUG\DOCUMENTS\VISUAL STUDIO 2012\PROJECTS\REVERSIC++\REVERSIC++\RELEASE\WINDOW.OBJ
C:\USERS\DOUG\DOCUMENTS\VISUAL STUDIO 2012\PROJECTS\REVERSIC++\REVERSIC++\RELEASE\TICKER.OBJ
C:\USERS\DOUG\DOCUMENTS\VISUAL STUDIO 2012\PROJECTS\REVERSIC++\REVERSIC++\RELEASE\RAMDOM.OBJ
C:\USERS\DOUG\DOCUMENTS\VISUAL STUDIO 2012\PROJECTS\REVERSIC++\REVERSIC++\RELEASE\QUAD.OBJ
C:\USERS\DOUG\DOCUMENTS\VISUAL STUDIO 2012\PROJECTS\REVERSIC++\REVERSIC++\RELEASE\MAIN.OBJ
C:\USERS\DOUG\DOCUMENTS\VISUAL STUDIO 2012\PROJECTS\REVERSIC++\REVERSIC++\RELEASE\LOADINI.OBJ
C:\USERS\DOUG\DOCUMENTS\VISUAL STUDIO 2012\PROJECTS\REVERSIC++\REVERSIC++\RELEASE\GAMETIMER.OBJ
C:\USERS\DOUG\DOCUMENTS\VISUAL STUDIO 2012\PROJECTS\REVERSIC++\REVERSIC++\RELEASE\CONVERT.OBJ
C:\USERS\DOUG\DOCUMENTS\VISUAL STUDIO 2012\PROJECTS\REVERSIC++\REVERSIC++\RELEASE\AUDIO.OBJ
C:\USERS\DOUG\DOCUMENTS\VISUAL STUDIO 2012\PROJECTS\REVERSIC++\REVERSIC++\RELEASE\ANIMATION.OBJ
C:\USERS\DOUG\DOCUMENTS\VISUAL STUDIO 2012\PROJECTS\REVERSIC++\REVERSIC++\RELEASE\GAME.OBJ
C:\USERS\DOUG\DOCUMENTS\VISUAL STUDIO 2012\PROJECTS\REVERSIC++\REVERSIC++\RELEASE\VC110.PDB
C:\USERS\DOUG\DOCUMENTS\VISUAL STUDIO 2012\PROJECTS\REVERSIC++\RELEASE\REVERSIC++.EXE
C:\USERS\DOUG\DOCUMENTS\VISUAL STUDIO 2012\PROJECTS\REVERSIC++\RELEASE\REVERSIC++.PDB
C:\Users\Doug\documents\visual studio 2012\Projects\ReversiC++\ReversiC++\Release\animation.obj
C:\Users\Doug\documents\visual studio 2012\Projects\ReversiC++\ReversiC++\Release\audio.obj
C:\Users\Doug\documents\visual studio 2012\Projects\ReversiC++\ReversiC++\Release\convert.obj
C:\Users\Doug\documents\visual studio 2012\Projects\ReversiC++\ReversiC++\Release\game.obj
C:\Users\Doug\documents\visual studio 2012\Projects\ReversiC++\ReversiC++\Release\gametimer.obj
C:\Users\Doug\documents\visual studio 2012\Projects\ReversiC++\ReversiC++\Release\loadini.obj
C:\Users\Doug\documents\visual studio 2012\Projects\ReversiC++\ReversiC++\Release\main.obj
C:\Users\Doug\documents\visual studio 2012\Projects\ReversiC++\ReversiC++\Release\quad.obj
C:\Users\Doug\documents\visual studio 2012\Projects\ReversiC++\ReversiC++\Release\ramdom.obj
C:\Users\Doug\documents\visual studio 2012\Projects\ReversiC++\ReversiC++\Release\ticker.obj
C:\Users\Doug\documents\visual studio 2012\Projects\ReversiC++\ReversiC++\Release\window.obj
C:\Users\Doug\documents\visual studio 2012\Projects\ReversiC++\ReversiC++\Release\cl.command.1.tlog
C:\Users\Doug\documents\visual studio 2012\Projects\ReversiC++\ReversiC++\Release\CL.read.1.tlog
C:\Users\Doug\documents\visual studio 2012\Projects\ReversiC++\ReversiC++\Release\CL.write.1.tlog
C:\Users\Doug\documents\visual studio 2012\Projects\ReversiC++\ReversiC++\Release\link-cvtres.read.1.tlog
C:\Users\Doug\documents\visual studio 2012\Projects\ReversiC++\ReversiC++\Release\link-cvtres.write.1.tlog
C:\Users\Doug\documents\visual studio 2012\Projects\ReversiC++\ReversiC++\Release\link-rc.read.1.tlog
C:\Users\Doug\documents\visual studio 2012\Projects\ReversiC++\ReversiC++\Release\link-rc.write.1.tlog
C:\Users\Doug\documents\visual studio 2012\Projects\ReversiC++\ReversiC++\Release\link.command.1.tlog
C:\Users\Doug\documents\visual studio 2012\Projects\ReversiC++\ReversiC++\Release\link.read.1.tlog
C:\Users\Doug\documents\visual studio 2012\Projects\ReversiC++\ReversiC++\Release\link.write.1.tlog
C:\Users\Doug\documents\visual studio 2012\Projects\ReversiC++\ReversiC++\Release\vc110.pdb
C:\Users\Doug\documents\visual studio 2012\Projects\ReversiC++\Release\ReversiC++.pdb
C:\Users\Doug\documents\visual studio 2012\Projects\ReversiC++\Release\ReversiC++.exe
