Build started 8/2/2016 2:06:36 AM.
     1>Project "C:\Users\Doug\Documents\GitHub\ReversiCPP\ReversiC++\ReversiC++.vcxproj" on node 2 (Build target(s)).
     1>ClCompile:
         C:\Program Files (x86)\Microsoft Visual Studio 12.0\VC\bin\CL.exe /c /IC:\Users\Doug\Documents\GitHub\ReversiCPP\ReversiC++\\SFML\include /Zi /nologo /W3 /WX- /sdl /O2 /Oi /Oy- /GL /D _USING_V110_SDK71_ /D _MBCS /Gm- /EHsc /MD /GS /Gy /fp:precise /Zc:wchar_t /Zc:forScope /Fo"Release\\" /Fd"Release\vc120.pdb" /Gd /TP /analyze- /errorReport:prompt animation.cpp assetloader.cpp convert.cpp game.cpp gametimer.cpp loadini.cpp main.cpp quad.cpp ramdom.cpp ticker.cpp window.cpp
         animation.cpp
     1>animation.cpp(26): warning C4244: '=' : conversion from 'int' to 'float', possible loss of data
         assetloader.cpp
         convert.cpp
         game.cpp
     1>game.cpp(27): warning C4244: 'argument' : conversion from 'int' to 'float', possible loss of data
     1>game.cpp(28): warning C4244: 'argument' : conversion from 'int' to 'float', possible loss of data
         gametimer.cpp
     1>gametimer.cpp(12): warning C4244: 'return' : conversion from 'sf::Int64' to 'double', possible loss of data
     1>gametimer.cpp(18): warning C4244: 'return' : conversion from 'sf::Int64' to 'double', possible loss of data
         loadini.cpp
         main.cpp
         quad.cpp
         ramdom.cpp
         ticker.cpp
         window.cpp
     1>window.cpp(1598): warning C4244: '=' : conversion from 'int' to 'float', possible loss of data
     1>window.cpp(1647): warning C4244: '=' : conversion from 'int' to 'float', possible loss of data
       Link:
         C:\Program Files (x86)\Microsoft Visual Studio 12.0\VC\bin\link.exe /ERRORREPORT:PROMPT /OUT:"C:\Users\Doug\Documents\GitHub\ReversiCPP\Release\ReversiC++.exe" /NOLOGO /LIBPATH:C:\Users\Doug\Documents\GitHub\ReversiCPP\ReversiC++\\SFML\lib "sfml-audio.lib" "sfml-graphics.lib" "sfml-system.lib" "sfml-window.lib" kernel32.lib user32.lib gdi32.lib winspool.lib comdlg32.lib advapi32.lib shell32.lib ole32.lib oleaut32.lib uuid.lib odbc32.lib odbccp32.lib /MANIFEST /MANIFESTUAC:"level='asInvoker' uiAccess='false'" /manifest:embed /DEBUG /PDB:"C:\Users\Doug\Documents\GitHub\ReversiCPP\Release\ReversiC++.pdb" /SUBSYSTEM:WINDOWS,"5.01" /OPT:REF /OPT:ICF /LTCG /TLBID:1 /DYNAMICBASE /NXCOMPAT /IMPLIB:"C:\Users\Doug\Documents\GitHub\ReversiCPP\Release\ReversiC++.lib" /MACHINE:X86 /SAFESEH Release\animation.obj
         Release\assetloader.obj
         Release\convert.obj
         Release\game.obj
         Release\gametimer.obj
         Release\loadini.obj
         Release\main.obj
         Release\quad.obj
         Release\ramdom.obj
         Release\ticker.obj
         Release\window.obj
         Generating code
         Finished generating code
         ReversiC++.vcxproj -> C:\Users\Doug\Documents\GitHub\ReversiCPP\Release\ReversiC++.exe
       PostBuildEvent:
         xcopy /d /y "C:\Users\Doug\Documents\GitHub\ReversiCPP\ReversiC++\arial.ttf" "C:\Users\Doug\Documents\GitHub\ReversiCPP\Release\"
         xcopy /d /y "C:\Users\Doug\Documents\GitHub\ReversiCPP\ReversiC++\engine.ini" "C:\Users\Doug\Documents\GitHub\ReversiCPP\Release\"
         :VCEnd
         0 File(s) copied
         0 File(s) copied
     1>Done Building Project "C:\Users\Doug\Documents\GitHub\ReversiCPP\ReversiC++\ReversiC++.vcxproj" (Build target(s)).

Build succeeded.

Time Elapsed 00:00:04.63
