Build started 8/22/2015 4:50:52 PM.
     1>Project "C:\Users\Doug\Documents\Visual Studio 2013\Projects\ReversiCPP\ReversiC++\ReversiC++.vcxproj" on node 2 (Build target(s)).
     1>Link:
         C:\Program Files (x86)\Microsoft Visual Studio 12.0\VC\bin\link.exe /ERRORREPORT:PROMPT /OUT:"C:\Users\Doug\Documents\Visual Studio 2013\Projects\ReversiCPP\Debug\ReversiC++.exe" /INCREMENTAL /NOLOGO /LIBPATH:"C:\Users\Doug\Documents\Visual Studio 2013\Projects\ReversiCPP\ReversiC++\\SFML\lib" "sfml-graphics-d.lib" "sfml-window-d.lib" "sfml-system-d.lib" "sfml-audio-d.lib" kernel32.lib user32.lib gdi32.lib winspool.lib comdlg32.lib advapi32.lib shell32.lib ole32.lib oleaut32.lib uuid.lib odbc32.lib odbccp32.lib /MANIFEST /MANIFESTUAC:"level='asInvoker' uiAccess='false'" /manifest:embed /DEBUG /PDB:"C:\Users\Doug\Documents\Visual Studio 2013\Projects\ReversiCPP\Debug\ReversiC++.pdb" /SUBSYSTEM:CONSOLE,"5.01" /TLBID:1 /DYNAMICBASE /NXCOMPAT /IMPLIB:"C:\Users\Doug\Documents\Visual Studio 2013\Projects\ReversiCPP\Debug\ReversiC++.lib" /MACHINE:X86 Debug\animation.obj
         Debug\assetloader.obj
         Debug\convert.obj
         Debug\game.obj
         Debug\gametimer.obj
         Debug\loadini.obj
         Debug\main.obj
         Debug\quad.obj
         Debug\ramdom.obj
         Debug\ticker.obj
         Debug\window.obj
         ReversiC++.vcxproj -> C:\Users\Doug\Documents\Visual Studio 2013\Projects\ReversiCPP\Debug\ReversiC++.exe
       PostBuildEvent:
         xcopy /d /y "C:\Users\Doug\Documents\Visual Studio 2013\Projects\ReversiCPP\ReversiC++\SFML\bin" "C:\Users\Doug\Documents\Visual Studio 2013\Projects\ReversiCPP\Debug\"
         :VCEnd
         0 File(s) copied
     1>Done Building Project "C:\Users\Doug\Documents\Visual Studio 2013\Projects\ReversiCPP\ReversiC++\ReversiC++.vcxproj" (Build target(s)).

Build succeeded.

Time Elapsed 00:00:00.87
